<?xml version="1.0" encoding="UTF-8"?>
<testng-results skipped="0" failed="0" total="1" passed="1">
  <reporter-output>
  </reporter-output>
  <suite name="Suite" duration-ms="44657" started-at="2016-10-21T10:37:45Z" finished-at="2016-10-21T10:38:30Z">
    <groups>
    </groups>
    <test name="Test" duration-ms="44657" started-at="2016-10-21T10:37:45Z" finished-at="2016-10-21T10:38:30Z">
      <class name="com.cerner.pctorion.platformTests.ORN_VR_PatientSearch">
        <test-method status="PASS" signature="setup()[pri:0, instance:com.cerner.pctorion.platformTests.ORN_VR_PatientSearch@306f16f3]" name="setup" is-config="true" duration-ms="25268" started-at="2016-10-21T16:07:45Z" finished-at="2016-10-21T16:08:10Z">
          <reporter-output>
          </reporter-output>
        </test-method> <!-- setup -->
        <test-method status="PASS" signature="orn_vr_patientsearch()[pri:0, instance:com.cerner.pctorion.platformTests.ORN_VR_PatientSearch@306f16f3]" name="orn_vr_patientsearch" duration-ms="19296" started-at="2016-10-21T16:08:10Z" finished-at="2016-10-21T16:08:30Z">
          <reporter-output>
          </reporter-output>
        </test-method> <!-- orn_vr_patientsearch -->
        <test-method status="PASS" signature="tearDown()[pri:0, instance:com.cerner.pctorion.platformTests.ORN_VR_PatientSearch@306f16f3]" name="tearDown" is-config="true" duration-ms="81" started-at="2016-10-21T16:08:30Z" finished-at="2016-10-21T16:08:30Z">
          <reporter-output>
          </reporter-output>
        </test-method> <!-- tearDown -->
      </class> <!-- com.cerner.pctorion.platformTests.ORN_VR_PatientSearch -->
    </test> <!-- Test -->
  </suite> <!-- Suite -->
</testng-results>
