<?xml version="1.0" encoding="UTF-8"?>
<testng-results skipped="0" failed="0" total="1" passed="1">
  <reporter-output>
  </reporter-output>
  <suite name="Default suite" duration-ms="93870" started-at="2016-10-21T12:55:17Z" finished-at="2016-10-21T12:56:51Z">
    <groups>
    </groups>
    <test name="Default test" duration-ms="93870" started-at="2016-10-21T12:55:17Z" finished-at="2016-10-21T12:56:51Z">
      <class name="com.cerner.pctorion.platformTests.ORN_VR_PatientSearch">
        <test-method status="PASS" signature="setup()[pri:0, instance:com.cerner.pctorion.platformTests.ORN_VR_PatientSearch@1a4013]" name="setup" is-config="true" duration-ms="73210" started-at="2016-10-21T18:25:17Z" finished-at="2016-10-21T18:26:31Z">
          <reporter-output>
          </reporter-output>
        </test-method> <!-- setup -->
        <test-method status="PASS" signature="VRPatientSearch()[pri:0, instance:com.cerner.pctorion.platformTests.ORN_VR_PatientSearch@1a4013]" name="VRPatientSearch" duration-ms="20221" started-at="2016-10-21T18:26:31Z" finished-at="2016-10-21T18:26:51Z">
          <reporter-output>
          </reporter-output>
        </test-method> <!-- VRPatientSearch -->
        <test-method status="PASS" signature="tearDown()[pri:0, instance:com.cerner.pctorion.platformTests.ORN_VR_PatientSearch@1a4013]" name="tearDown" is-config="true" duration-ms="428" started-at="2016-10-21T18:26:51Z" finished-at="2016-10-21T18:26:51Z">
          <reporter-output>
          </reporter-output>
        </test-method> <!-- tearDown -->
      </class> <!-- com.cerner.pctorion.platformTests.ORN_VR_PatientSearch -->
    </test> <!-- Default test -->
  </suite> <!-- Default suite -->
</testng-results>
